mode: set
github.com/ianmuhia/bookings/cmd/web/main.go:22.13,25.16 2 0
github.com/ianmuhia/bookings/cmd/web/main.go:29.2,36.16 4 0
github.com/ianmuhia/bookings/cmd/web/main.go:25.16,27.3 1 0
github.com/ianmuhia/bookings/cmd/web/main.go:39.18,52.16 10 1
github.com/ianmuhia/bookings/cmd/web/main.go:57.2,64.12 6 1
github.com/ianmuhia/bookings/cmd/web/main.go:52.16,55.3 2 0
github.com/ianmuhia/bookings/cmd/web/middleware.go:9.53,10.82 1 0
github.com/ianmuhia/bookings/cmd/web/middleware.go:10.82,13.3 2 0
github.com/ianmuhia/bookings/cmd/web/middleware.go:17.45,25.2 3 1
github.com/ianmuhia/bookings/cmd/web/middleware.go:28.50,30.2 1 1
github.com/ianmuhia/bookings/cmd/web/routes.go:11.49,37.2 19 1
